{"/Users/rogerparada/source/Cursos/React-Principiante-a-Experto/PERN/rest_api_node_server/src/routes.ts": {"path":"/Users/rogerparada/source/Cursos/React-Principiante-a-Experto/PERN/rest_api_node_server/src/routes.ts","statementMap":{"0":{"start":{"line":1,"column":0},"end":{"line":1,"column":33}},"1":{"start":{"line":2,"column":0},"end":{"line":2,"column":130}},"2":{"start":{"line":3,"column":0},"end":{"line":3,"column":48}},"3":{"start":{"line":4,"column":0},"end":{"line":4,"column":44}},"4":{"start":{"line":6,"column":15},"end":{"line":6,"column":23}},"5":{"start":{"line":8,"column":0},"end":{"line":8,"column":29}},"6":{"start":{"line":9,"column":0},"end":{"line":9,"column":110}},"7":{"start":{"line":11,"column":0},"end":{"line":23,"column":2}},"8":{"start":{"line":17,"column":21},"end":{"line":17,"column":30}},"9":{"start":{"line":25,"column":0},"end":{"line":39,"column":2}},"10":{"start":{"line":32,"column":21},"end":{"line":32,"column":30}},"11":{"start":{"line":41,"column":0},"end":{"line":41,"column":104}},"12":{"start":{"line":43,"column":0},"end":{"line":43,"column":100}},"13":{"start":{"line":45,"column":0},"end":{"line":45,"column":22}}},"fnMap":{"0":{"name":"(anonymous_0)","decl":{"start":{"line":17,"column":10},"end":{"line":17,"column":11}},"loc":{"start":{"line":17,"column":21},"end":{"line":17,"column":30}}},"1":{"name":"(anonymous_1)","decl":{"start":{"line":32,"column":10},"end":{"line":32,"column":11}},"loc":{"start":{"line":32,"column":21},"end":{"line":32,"column":30}}}},"branchMap":{},"s":{"0":2,"1":2,"2":2,"3":2,"4":2,"5":2,"6":2,"7":2,"8":4,"9":2,"10":5,"11":2,"12":2,"13":2},"f":{"0":4,"1":5},"b":{}}
,"/Users/rogerparada/source/Cursos/React-Principiante-a-Experto/PERN/rest_api_node_server/src/server.ts": {"path":"/Users/rogerparada/source/Cursos/React-Principiante-a-Experto/PERN/rest_api_node_server/src/server.ts","statementMap":{"0":{"start":{"line":5,"column":0},"end":{"line":5,"column":22}},"1":{"start":{"line":1,"column":0},"end":{"line":1,"column":30}},"2":{"start":{"line":2,"column":0},"end":{"line":2,"column":38}},"3":{"start":{"line":3,"column":0},"end":{"line":3,"column":33}},"4":{"start":{"line":6,"column":1},"end":{"line":13,"column":2}},"5":{"start":{"line":7,"column":2},"end":{"line":7,"column":20}},"6":{"start":{"line":8,"column":2},"end":{"line":8,"column":12}},"7":{"start":{"line":12,"column":2},"end":{"line":12,"column":60}},"8":{"start":{"line":15,"column":0},"end":{"line":15,"column":12}},"9":{"start":{"line":17,"column":15},"end":{"line":17,"column":24}},"10":{"start":{"line":18,"column":0},"end":{"line":18,"column":27}},"11":{"start":{"line":19,"column":0},"end":{"line":19,"column":44}},"12":{"start":{"line":20,"column":0},"end":{"line":22,"column":3}},"13":{"start":{"line":21,"column":1},"end":{"line":21,"column":33}},"14":{"start":{"line":24,"column":0},"end":{"line":24,"column":22}}},"fnMap":{"0":{"name":"connectDB","decl":{"start":{"line":5,"column":22},"end":{"line":5,"column":31}},"loc":{"start":{"line":5,"column":31},"end":{"line":14,"column":null}}},"1":{"name":"(anonymous_10)","decl":{"start":{"line":20,"column":19},"end":{"line":20,"column":20}},"loc":{"start":{"line":20,"column":33},"end":{"line":22,"column":1}}}},"branchMap":{},"s":{"0":2,"1":2,"2":2,"3":2,"4":2,"5":2,"6":2,"7":0,"8":2,"9":2,"10":2,"11":2,"12":2,"13":1,"14":2},"f":{"0":2,"1":1},"b":{}}
,"/Users/rogerparada/source/Cursos/React-Principiante-a-Experto/PERN/rest_api_node_server/src/config/db.ts": {"path":"/Users/rogerparada/source/Cursos/React-Principiante-a-Experto/PERN/rest_api_node_server/src/config/db.ts","statementMap":{"0":{"start":{"line":1,"column":0},"end":{"line":1,"column":49}},"1":{"start":{"line":2,"column":0},"end":{"line":2,"column":28}},"2":{"start":{"line":4,"column":0},"end":{"line":4,"column":16}},"3":{"start":{"line":6,"column":12},"end":{"line":6,"column":36}},"4":{"start":{"line":8,"column":13},"end":{"line":8,"column":101}}},"fnMap":{},"branchMap":{},"s":{"0":2,"1":2,"2":2,"3":2,"4":2},"f":{},"b":{}}
,"/Users/rogerparada/source/Cursos/React-Principiante-a-Experto/PERN/rest_api_node_server/src/handlers/product.ts": {"path":"/Users/rogerparada/source/Cursos/React-Principiante-a-Experto/PERN/rest_api_node_server/src/handlers/product.ts","statementMap":{"0":{"start":{"line":2,"column":0},"end":{"line":2,"column":46}},"1":{"start":{"line":4,"column":27},"end":{"line":7,"column":2}},"2":{"start":{"line":4,"column":65},"end":{"line":7,"column":2}},"3":{"start":{"line":5,"column":18},"end":{"line":5,"column":41}},"4":{"start":{"line":6,"column":1},"end":{"line":6,"column":42}},"5":{"start":{"line":4,"column":13},"end":{"line":4,"column":27}},"6":{"start":{"line":9,"column":30},"end":{"line":17,"column":2}},"7":{"start":{"line":9,"column":68},"end":{"line":17,"column":2}},"8":{"start":{"line":10,"column":16},"end":{"line":10,"column":26}},"9":{"start":{"line":11,"column":17},"end":{"line":11,"column":43}},"10":{"start":{"line":13,"column":1},"end":{"line":15,"column":2}},"11":{"start":{"line":14,"column":2},"end":{"line":14,"column":67}},"12":{"start":{"line":16,"column":1},"end":{"line":16,"column":41}},"13":{"start":{"line":9,"column":13},"end":{"line":9,"column":30}},"14":{"start":{"line":19,"column":29},"end":{"line":22,"column":2}},"15":{"start":{"line":19,"column":67},"end":{"line":22,"column":2}},"16":{"start":{"line":20,"column":17},"end":{"line":20,"column":47}},"17":{"start":{"line":21,"column":1},"end":{"line":21,"column":41}},"18":{"start":{"line":19,"column":13},"end":{"line":19,"column":29}},"19":{"start":{"line":24,"column":29},"end":{"line":36,"column":2}},"20":{"start":{"line":24,"column":67},"end":{"line":36,"column":2}},"21":{"start":{"line":25,"column":16},"end":{"line":25,"column":26}},"22":{"start":{"line":26,"column":17},"end":{"line":26,"column":43}},"23":{"start":{"line":28,"column":1},"end":{"line":30,"column":2}},"24":{"start":{"line":29,"column":2},"end":{"line":29,"column":67}},"25":{"start":{"line":32,"column":1},"end":{"line":32,"column":32}},"26":{"start":{"line":33,"column":1},"end":{"line":33,"column":22}},"27":{"start":{"line":35,"column":1},"end":{"line":35,"column":41}},"28":{"start":{"line":24,"column":13},"end":{"line":24,"column":29}},"29":{"start":{"line":38,"column":34},"end":{"line":50,"column":2}},"30":{"start":{"line":38,"column":72},"end":{"line":50,"column":2}},"31":{"start":{"line":39,"column":16},"end":{"line":39,"column":26}},"32":{"start":{"line":40,"column":17},"end":{"line":40,"column":43}},"33":{"start":{"line":42,"column":1},"end":{"line":44,"column":2}},"34":{"start":{"line":43,"column":2},"end":{"line":43,"column":67}},"35":{"start":{"line":46,"column":1},"end":{"line":46,"column":57}},"36":{"start":{"line":47,"column":1},"end":{"line":47,"column":22}},"37":{"start":{"line":49,"column":1},"end":{"line":49,"column":41}},"38":{"start":{"line":38,"column":13},"end":{"line":38,"column":34}},"39":{"start":{"line":52,"column":29},"end":{"line":63,"column":2}},"40":{"start":{"line":52,"column":67},"end":{"line":63,"column":2}},"41":{"start":{"line":53,"column":16},"end":{"line":53,"column":26}},"42":{"start":{"line":54,"column":17},"end":{"line":54,"column":43}},"43":{"start":{"line":56,"column":1},"end":{"line":58,"column":2}},"44":{"start":{"line":57,"column":2},"end":{"line":57,"column":67}},"45":{"start":{"line":60,"column":1},"end":{"line":60,"column":19}},"46":{"start":{"line":62,"column":1},"end":{"line":62,"column":54}},"47":{"start":{"line":52,"column":13},"end":{"line":52,"column":29}}},"fnMap":{"0":{"name":"(anonymous_8)","decl":{"start":{"line":4,"column":27},"end":{"line":4,"column":34}},"loc":{"start":{"line":4,"column":65},"end":{"line":7,"column":2}}},"1":{"name":"(anonymous_9)","decl":{"start":{"line":4,"column":65},"end":{"line":4,"column":null}},"loc":{"start":{"line":4,"column":65},"end":{"line":7,"column":1}}},"2":{"name":"(anonymous_10)","decl":{"start":{"line":9,"column":30},"end":{"line":9,"column":37}},"loc":{"start":{"line":9,"column":68},"end":{"line":17,"column":2}}},"3":{"name":"(anonymous_11)","decl":{"start":{"line":9,"column":68},"end":{"line":9,"column":null}},"loc":{"start":{"line":9,"column":68},"end":{"line":17,"column":1}}},"4":{"name":"(anonymous_12)","decl":{"start":{"line":19,"column":29},"end":{"line":19,"column":36}},"loc":{"start":{"line":19,"column":67},"end":{"line":22,"column":2}}},"5":{"name":"(anonymous_13)","decl":{"start":{"line":19,"column":67},"end":{"line":19,"column":null}},"loc":{"start":{"line":19,"column":67},"end":{"line":22,"column":1}}},"6":{"name":"(anonymous_14)","decl":{"start":{"line":24,"column":29},"end":{"line":24,"column":36}},"loc":{"start":{"line":24,"column":67},"end":{"line":36,"column":2}}},"7":{"name":"(anonymous_15)","decl":{"start":{"line":24,"column":67},"end":{"line":24,"column":null}},"loc":{"start":{"line":24,"column":67},"end":{"line":36,"column":1}}},"8":{"name":"(anonymous_16)","decl":{"start":{"line":38,"column":34},"end":{"line":38,"column":41}},"loc":{"start":{"line":38,"column":72},"end":{"line":50,"column":2}}},"9":{"name":"(anonymous_17)","decl":{"start":{"line":38,"column":72},"end":{"line":38,"column":null}},"loc":{"start":{"line":38,"column":72},"end":{"line":50,"column":1}}},"10":{"name":"(anonymous_18)","decl":{"start":{"line":52,"column":29},"end":{"line":52,"column":36}},"loc":{"start":{"line":52,"column":67},"end":{"line":63,"column":2}}},"11":{"name":"(anonymous_19)","decl":{"start":{"line":52,"column":67},"end":{"line":52,"column":null}},"loc":{"start":{"line":52,"column":67},"end":{"line":63,"column":1}}}},"branchMap":{"0":{"loc":{"start":{"line":13,"column":1},"end":{"line":15,"column":2}},"type":"if","locations":[{"start":{"line":13,"column":1},"end":{"line":15,"column":2}}]},"1":{"loc":{"start":{"line":28,"column":1},"end":{"line":30,"column":2}},"type":"if","locations":[{"start":{"line":28,"column":1},"end":{"line":30,"column":2}}]},"2":{"loc":{"start":{"line":42,"column":1},"end":{"line":44,"column":2}},"type":"if","locations":[{"start":{"line":42,"column":1},"end":{"line":44,"column":2}}]},"3":{"loc":{"start":{"line":56,"column":1},"end":{"line":58,"column":2}},"type":"if","locations":[{"start":{"line":56,"column":1},"end":{"line":58,"column":2}}]}},"s":{"0":2,"1":2,"2":2,"3":2,"4":2,"5":2,"6":2,"7":2,"8":2,"9":2,"10":2,"11":1,"12":1,"13":2,"14":2,"15":1,"16":1,"17":1,"18":2,"19":2,"20":2,"21":2,"22":2,"23":2,"24":1,"25":1,"26":1,"27":1,"28":2,"29":2,"30":2,"31":2,"32":2,"33":2,"34":1,"35":1,"36":1,"37":1,"38":2,"39":2,"40":2,"41":2,"42":2,"43":2,"44":1,"45":1,"46":1,"47":2},"f":{"0":2,"1":2,"2":2,"3":2,"4":1,"5":1,"6":2,"7":2,"8":2,"9":2,"10":2,"11":2},"b":{"0":[1],"1":[1],"2":[1],"3":[1]}}
,"/Users/rogerparada/source/Cursos/React-Principiante-a-Experto/PERN/rest_api_node_server/src/middleware/index.ts": {"path":"/Users/rogerparada/source/Cursos/React-Principiante-a-Experto/PERN/rest_api_node_server/src/middleware/index.ts","statementMap":{"0":{"start":{"line":2,"column":0},"end":{"line":2,"column":53}},"1":{"start":{"line":4,"column":28},"end":{"line":11,"column":1}},"2":{"start":{"line":5,"column":16},"end":{"line":5,"column":37}},"3":{"start":{"line":7,"column":1},"end":{"line":9,"column":2}},"4":{"start":{"line":8,"column":2},"end":{"line":8,"column":58}},"5":{"start":{"line":10,"column":1},"end":{"line":10,"column":8}},"6":{"start":{"line":4,"column":13},"end":{"line":4,"column":28}}},"fnMap":{"0":{"name":"(anonymous_0)","decl":{"start":{"line":4,"column":28},"end":{"line":4,"column":29}},"loc":{"start":{"line":4,"column":80},"end":{"line":11,"column":1}}}},"branchMap":{"0":{"loc":{"start":{"line":7,"column":1},"end":{"line":9,"column":2}},"type":"if","locations":[{"start":{"line":7,"column":1},"end":{"line":9,"column":2}}]}},"s":{"0":2,"1":2,"2":18,"3":18,"4":9,"5":9,"6":2},"f":{"0":18},"b":{"0":[9]}}
,"/Users/rogerparada/source/Cursos/React-Principiante-a-Experto/PERN/rest_api_node_server/src/models/Product.model.ts": {"path":"/Users/rogerparada/source/Cursos/React-Principiante-a-Experto/PERN/rest_api_node_server/src/models/Product.model.ts","statementMap":{"0":{"start":{"line":1,"column":0},"end":{"line":1,"column":79}},"1":{"start":{"line":4,"column":0},"end":{"line":14,"column":null}},"2":{"start":{"line":6,"column":9},"end":{"line":6,"column":null}},"3":{"start":{"line":9,"column":9},"end":{"line":9,"column":null}},"4":{"start":{"line":13,"column":9},"end":{"line":13,"column":null}},"5":{"start":{"line":4,"column":6},"end":{"line":14,"column":null}},"6":{"start":{"line":16,"column":0},"end":{"line":16,"column":23}}},"fnMap":{},"branchMap":{},"s":{"0":2,"1":2,"2":2,"3":2,"4":2,"5":2,"6":2},"f":{},"b":{}}
}
